<?xml version="1.0" encoding="UTF-8"?>
<!-- Generated by org.testng.reporters.JUnitXMLReporter -->
<testsuite ignored="0" hostname="yeshs-Mac-mini.local" failures="1" tests="9" name="Test" time="249.008" errors="0" timestamp="2024-08-28T10:49:12 IST">
  <testcase classname="kitspagetesting.TestingOFKitsPage" name="addKitAndPayOnAccount" time="47.691">
    <failure type="org.openqa.selenium.TimeoutException" message="Expected condition failed: waiting for visibility of element located by By.xpath: /a[contains(text(),&amp;apos;Dashboard&amp;apos;)] (tried for 25 second(s) with 500 milliseconds interval)
Build info: version: &amp;apos;4.23.0&amp;apos;, revision: &amp;apos;4df0a231af&amp;apos;
System info: os.name: &amp;apos;Mac OS X&amp;apos;, os.arch: &amp;apos;aarch64&amp;apos;, os.version: &amp;apos;14.6.1&amp;apos;, java.version: &amp;apos;17.0.11&amp;apos;
Driver info: org.openqa.selenium.chrome.ChromeDriver
Capabilities {acceptInsecureCerts: false, browserName: chrome, browserVersion: 128.0.6613.85, chrome: {chromedriverVersion: 128.0.6613.84 (606aa55c7d68..., userDataDir: /var/folders/x9/xxt7kvhx1v7...}, fedcm:accounts: true, goog:chromeOptions: {debuggerAddress: localhost:50039}, networkConnectionEnabled: false, pageLoadStrategy: normal, platformName: mac, proxy: Proxy(), se:cdp: ws://localhost:50039/devtoo..., se:cdpVersion: 128.0.6613.85, setWindowRect: true, strictFileInteractability: false, timeouts: {implicit: 0, pageLoad: 300000, script: 30000}, unhandledPromptBehavior: dismiss and notify, webauthn:extension:credBlob: true, webauthn:extension:largeBlob: true, webauthn:extension:minPinLength: true, webauthn:extension:prf: true, webauthn:virtualAuthenticators: true}
Session ID: 20fc3cbbf8570d7ef3cd3db3c53487e0">
      <![CDATA[org.openqa.selenium.TimeoutException: Expected condition failed: waiting for visibility of element located by By.xpath: /a[contains(text(),'Dashboard')] (tried for 25 second(s) with 500 milliseconds interval)
Build info: version: '4.23.0', revision: '4df0a231af'
System info: os.name: 'Mac OS X', os.arch: 'aarch64', os.version: '14.6.1', java.version: '17.0.11'
Driver info: org.openqa.selenium.chrome.ChromeDriver
Capabilities {acceptInsecureCerts: false, browserName: chrome, browserVersion: 128.0.6613.85, chrome: {chromedriverVersion: 128.0.6613.84 (606aa55c7d68..., userDataDir: /var/folders/x9/xxt7kvhx1v7...}, fedcm:accounts: true, goog:chromeOptions: {debuggerAddress: localhost:50039}, networkConnectionEnabled: false, pageLoadStrategy: normal, platformName: mac, proxy: Proxy(), se:cdp: ws://localhost:50039/devtoo..., se:cdpVersion: 128.0.6613.85, setWindowRect: true, strictFileInteractability: false, timeouts: {implicit: 0, pageLoad: 300000, script: 30000}, unhandledPromptBehavior: dismiss and notify, webauthn:extension:credBlob: true, webauthn:extension:largeBlob: true, webauthn:extension:minPinLength: true, webauthn:extension:prf: true, webauthn:virtualAuthenticators: true}
Session ID: 20fc3cbbf8570d7ef3cd3db3c53487e0
at org.openqa.selenium.support.ui.WebDriverWait.timeoutException(WebDriverWait.java:84)
at org.openqa.selenium.support.ui.FluentWait.until(FluentWait.java:228)
at kitspagetesting.TestingOFKitsPage.addKitAndPayOnAccount(TestingOFKitsPage.java:50)
at java.base/java.util.ArrayList.forEach(ArrayList.java:1511)
... Removed 27 stack frames]]>
    </failure>
  </testcase> <!-- addKitAndPayOnAccount -->
  <testcase classname="kitspagetesting.TestingOFKitsPage" name="addNewKitAndNewReviewAfterPayment" time="40.276"/>
  <testcase classname="kitspagetesting.TestingOFKitsPage" name="addNewKitAndNewReviewAfterThatMarkedCompleted" time="22.821"/>
  <testcase classname="kitspagetesting.TestingOFKitsPage" name="addNewKitAndNewReviewAndAfterThatAddNewKitForReviewInThatReviewAndDeleteTheReview" time="42.225"/>
  <testcase classname="kitspagetesting.TestingOFKitsPage" name="addNewKitAndNewReviewAndAfterThatCancle" time="19.804"/>
  <testcase classname="kitspagetesting.TestingOFKitsPage" name="addNewLocationKitSection" time="10.032"/>
  <testcase classname="kitspagetesting.TestingOFKitsPage" name="purchaseKitAndPayment" time="28.34"/>
  <testcase classname="kitspagetesting.TestingOFKitsPage" name="registerExistingKit" time="14.196"/>
  <testcase classname="kitspagetesting.TestingOFKitsPage" name="searchKitByNameAndLocation" time="12.311"/>
</testsuite> <!-- Test -->
